<?xml version="1.0" encoding="UTF-8"?>
<testng-results ignored="0" total="2" passed="2" failed="0" skipped="0">
  <reporter-output>
  </reporter-output>
  <suite started-at="2022-05-04T16:19:09 IST" name="E-Commerce" finished-at="2022-05-04T16:20:20 IST" duration-ms="71786">
    <groups>
    </groups>
    <test started-at="2022-05-04T16:19:09 IST" name="LoginTest1" finished-at="2022-05-04T16:20:20 IST" duration-ms="71786">
      <class name="com.commerce.testCases.TC_LoginTest_001">
        <test-method is-config="true" signature="driverSetting(java.lang.String)[pri:0, instance:com.commerce.testCases.TC_LoginTest_001@61230f6a]" started-at="2022-05-04T16:19:09 IST" name="driverSetting" finished-at="2022-05-04T16:19:17 IST" duration-ms="7726" status="PASS">
          <params>
            <param index="0">
              <value>
                <![CDATA[chrome]]>
              </value>
            </param>
          </params>
          <reporter-output>
          </reporter-output>
        </test-method> <!-- driverSetting -->
        <test-method signature="loginTest()[pri:0, instance:com.commerce.testCases.TC_LoginTest_001@61230f6a]" started-at="2022-05-04T16:19:17 IST" name="loginTest" finished-at="2022-05-04T16:19:26 IST" duration-ms="9338" status="PASS">
          <reporter-output>
          </reporter-output>
        </test-method> <!-- loginTest -->
        <test-method is-config="true" signature="tearDown()[pri:0, instance:com.commerce.testCases.TC_LoginTest_001@61230f6a]" started-at="2022-05-04T16:19:26 IST" name="tearDown" finished-at="2022-05-04T16:19:26 IST" duration-ms="200" status="PASS">
          <reporter-output>
          </reporter-output>
        </test-method> <!-- tearDown -->
      </class> <!-- com.commerce.testCases.TC_LoginTest_001 -->
      <class name="com.commerce.testCases.TC_AddnewCustomerTest_003">
        <test-method is-config="true" signature="driverSetting(java.lang.String)[pri:0, instance:com.commerce.testCases.TC_AddnewCustomerTest_003@72a7c7e0]" started-at="2022-05-04T16:19:26 IST" name="driverSetting" finished-at="2022-05-04T16:19:29 IST" duration-ms="3144" status="PASS">
          <params>
            <param index="0">
              <value>
                <![CDATA[chrome]]>
              </value>
            </param>
          </params>
          <reporter-output>
          </reporter-output>
        </test-method> <!-- driverSetting -->
        <test-method signature="addNewCustomerTest()[pri:0, instance:com.commerce.testCases.TC_AddnewCustomerTest_003@72a7c7e0]" started-at="2022-05-04T16:19:29 IST" name="addNewCustomerTest" finished-at="2022-05-04T16:20:20 IST" duration-ms="50871" status="PASS">
          <reporter-output>
          </reporter-output>
        </test-method> <!-- addNewCustomerTest -->
        <test-method is-config="true" signature="tearDown()[pri:0, instance:com.commerce.testCases.TC_AddnewCustomerTest_003@72a7c7e0]" started-at="2022-05-04T16:20:20 IST" name="tearDown" finished-at="2022-05-04T16:20:20 IST" duration-ms="204" status="PASS">
          <reporter-output>
          </reporter-output>
        </test-method> <!-- tearDown -->
      </class> <!-- com.commerce.testCases.TC_AddnewCustomerTest_003 -->
    </test> <!-- LoginTest1 -->
  </suite> <!-- E-Commerce -->
</testng-results>
