<?xml version="1.0" encoding="UTF-8"?>
<testng-results ignored="0" total="2" passed="2" failed="0" skipped="0">
  <reporter-output>
  </reporter-output>
  <suite started-at="2022-06-09T09:22:44 IST" name="E-Commerce" finished-at="2022-06-09T09:23:58 IST" duration-ms="74426">
    <groups>
    </groups>
    <test started-at="2022-06-09T09:22:44 IST" name="LoginTest1" finished-at="2022-06-09T09:23:58 IST" duration-ms="74426">
      <class name="com.commerce.testCases.TC_LoginTest_001">
        <test-method is-config="true" signature="driverSetting(java.lang.String)[pri:0, instance:com.commerce.testCases.TC_LoginTest_001@6221a451]" started-at="2022-06-09T09:22:44 IST" name="driverSetting" finished-at="2022-06-09T09:22:48 IST" duration-ms="3810" status="PASS">
          <params>
            <param index="0">
              <value>
                <![CDATA[chrome]]>
              </value>
            </param>
          </params>
          <reporter-output>
          </reporter-output>
        </test-method> <!-- driverSetting -->
        <test-method signature="loginTest()[pri:0, instance:com.commerce.testCases.TC_LoginTest_001@6221a451]" started-at="2022-06-09T09:22:48 IST" name="loginTest" finished-at="2022-06-09T09:22:58 IST" duration-ms="10390" status="PASS">
          <reporter-output>
          </reporter-output>
        </test-method> <!-- loginTest -->
        <test-method is-config="true" signature="tearDown()[pri:0, instance:com.commerce.testCases.TC_LoginTest_001@6221a451]" started-at="2022-06-09T09:22:59 IST" name="tearDown" finished-at="2022-06-09T09:22:59 IST" duration-ms="281" status="PASS">
          <reporter-output>
          </reporter-output>
        </test-method> <!-- tearDown -->
      </class> <!-- com.commerce.testCases.TC_LoginTest_001 -->
      <class name="com.commerce.testCases.TC_AddnewCustomerTest_003">
        <test-method is-config="true" signature="driverSetting(java.lang.String)[pri:0, instance:com.commerce.testCases.TC_AddnewCustomerTest_003@18df8434]" started-at="2022-06-09T09:22:59 IST" name="driverSetting" finished-at="2022-06-09T09:23:01 IST" duration-ms="2209" status="PASS">
          <params>
            <param index="0">
              <value>
                <![CDATA[chrome]]>
              </value>
            </param>
          </params>
          <reporter-output>
          </reporter-output>
        </test-method> <!-- driverSetting -->
        <test-method signature="addNewCustomerTest()[pri:0, instance:com.commerce.testCases.TC_AddnewCustomerTest_003@18df8434]" started-at="2022-06-09T09:23:01 IST" name="addNewCustomerTest" finished-at="2022-06-09T09:23:58 IST" duration-ms="57027" status="PASS">
          <reporter-output>
          </reporter-output>
        </test-method> <!-- addNewCustomerTest -->
        <test-method is-config="true" signature="tearDown()[pri:0, instance:com.commerce.testCases.TC_AddnewCustomerTest_003@18df8434]" started-at="2022-06-09T09:23:58 IST" name="tearDown" finished-at="2022-06-09T09:23:58 IST" duration-ms="330" status="PASS">
          <reporter-output>
          </reporter-output>
        </test-method> <!-- tearDown -->
      </class> <!-- com.commerce.testCases.TC_AddnewCustomerTest_003 -->
    </test> <!-- LoginTest1 -->
  </suite> <!-- E-Commerce -->
</testng-results>
